//  v2lvs v2021.3_15.9    Tue Jul 6 13:44:20 PDT 2021
//
//  Copyright (c) 1992, 1993 Regents of the University of California
//         All rights reserved.
//
//                   Copyright Siemens 1996-2021
//                       All Rights Reserved.
//   THIS WORK CONTAINS TRADE SECRET AND PROPRIETARY INFORMATION
//      WHICH IS THE PROPERTY OF MENTOR GRAPHICS CORPORATION
//        OR ITS LICENSORS AND IS SUBJECT TO LICENSE TERMS.
//
//  The registered trademark Linux is used pursuant to a sublicense from LMI, the
//  exclusive licensee of Linus Torvalds, owner of the mark on a world-wide basis.
//
//  Mentor Graphics software executing under x86-64 Linux
//
Running /usr/caen/calibre-2021.3_15.9/aok/pkgs/icv/pvt/v2lvs -a <> -v PE_POOL_top.apr.v -o PE_POOL_top.globalPWR.cdl -s /afs/umich.edu/class/eecs627/ibm13/artisan/current/aci/sc-x/lvs_netlist/ibm13.cdl -s /afs/umich.edu/class/eecs627/w23/lab_resource/lab3/reset_driver.cdl -lsp /afs/umich.edu/class/eecs627/ibm13/artisan/current/aci/sc-x/lvs_netlist/ibm13.cdl -lsp /afs/umich.edu/class/eecs627/w23/lab_resource/lab3/reset_driver.cdl -sl -s0 VSS -s1 VDD

Info: Creating Spice Library Database ...
Warning: No BUSDELIMITER statement in /afs/umich.edu/class/eecs627/ibm13/artisan/current/aci/sc-x/lvs_netlist/ibm13.cdl spice file, it will be set to [
Warning: No BUSDELIMITER statement in /afs/umich.edu/class/eecs627/w23/lab_resource/lab3/reset_driver.cdl spice file, it will be set to [
Info: Creating Design Database ...
Info: Converting Design ...

CPU TIME = 0  REAL TIME = 1  MALLOC = 12/12/12
