###############################################################
#  Generated by:      Cadence Innovus 21.10-p004_1
#  OS:                Linux x86_64(Host ID caen-vnc-mi07.engin.umich.edu)
#  Generated on:      Fri Mar 18 23:40:50 2022
#  Design:            mult_block
#  Command:           report_timing > ${REPORT_PATH}/final_hold_timing.rpt
###############################################################
Path 1: MET Removal Check with Pin clk_r_REG20_S18/CK 
Endpoint:   clk_r_REG20_S18/SN (^) checked with  leading edge of 'clk'
Beginpoint: reset              (v) triggered by  leading edge of 'clk'
Path Groups: {async_default}
Analysis View: holdAnalysis
Other End Arrival Time          0.010
+ Removal                       0.074
+ Phase Shift                   0.000
- CPPR Adjustment               0.000
+ Uncertainty                   0.100
= Required Time                 0.184
  Arrival Time                  0.264
  Slack Time                    0.080
     Clock Rise Edge                      0.000
     + Input Delay                        0.100
     + Drive Adjustment                   0.021
     = Beginpoint Arrival Time            0.121
     +----------------------------------------------------------------------------+ 
     |      Instance       |    Arc     |    Cell    | Delay | Arrival | Required | 
     |                     |            |            |       |  Time   |   Time   | 
     |---------------------+------------+------------+-------+---------+----------| 
     |                     | reset v    |            |       |   0.121 |    0.042 | 
     | PLACEDFE_OFC4_reset | A v -> Y ^ | CLKINVX4TR | 0.141 |   0.262 |    0.182 | 
     | clk_r_REG20_S18     | SN ^       | DFFSX2TR   | 0.002 |   0.264 |    0.184 | 
     +----------------------------------------------------------------------------+ 

