###############################################################
#  Generated by:      Cadence Innovus 21.14-s109_1
#  OS:                Linux x86_64(Host ID eecs2420p06.engin.umich.edu)
#  Generated on:      Sun Mar 26 20:38:18 2023
#  Design:            PE_POOL_top
#  Command:           report_timing > ${REPORT_PATH}/final_setup_timing.rpt
###############################################################
Path 1: MET Setup Check with Pin clk_r_REG276_S1/CK 
Endpoint:   clk_r_REG276_S1/D (^) checked with  leading edge of 'clk'
Beginpoint: reset             (v) triggered by  leading edge of 'clk'
Path Groups: {clk}
Analysis View: setupAnalysis
Other End Arrival Time          0.006
- Setup                         0.104
+ Phase Shift                   1.500
+ CPPR Adjustment               0.000
- Uncertainty                   0.100
= Required Time                 1.301
- Arrival Time                  1.250
= Slack Time                    0.051
     Clock Rise Edge                      0.000
     + Input Delay                        0.100
     + Drive Adjustment                   0.014
     = Beginpoint Arrival Time            0.115
     +-------------------------------------------------------------------------------+ 
     |       Instance        |     Arc     |    Cell    | Delay | Arrival | Required | 
     |                       |             |            |       |  Time   |   Time   | 
     |-----------------------+-------------+------------+-------+---------+----------| 
     |                       | reset v     |            |       |   0.115 |    0.166 | 
     | PLACEDFE_OFC185_reset | A v -> Y ^  | CLKINVX6TR | 0.067 |   0.182 |    0.233 | 
     | PLACEDFE_OFC186_reset | A ^ -> Y v  | CLKINVX4TR | 0.091 |   0.272 |    0.323 | 
     | PLACEDFE_OFC189_reset | A v -> Y v  | BUFX4TR    | 0.132 |   0.404 |    0.455 | 
     | U1363                 | B v -> Y ^  | NOR2BX2TR  | 0.384 |   0.788 |    0.839 | 
     | PLACEDFE_OFC153_n967  | A ^ -> Y ^  | BUFX4TR    | 0.201 |   0.989 |    1.040 | 
     | PLACEDFE_OFC154_n967  | A ^ -> Y ^  | BUFX3TR    | 0.148 |   1.136 |    1.187 | 
     | U1381                 | A1 ^ -> Y ^ | AO22X1TR   | 0.114 |   1.250 |    1.301 | 
     | clk_r_REG276_S1       | D ^         | DFFQX1TR   | 0.000 |   1.250 |    1.301 | 
     +-------------------------------------------------------------------------------+ 

