###############################################################
#  Generated by:      Cadence Innovus 21.14-s109_1
#  OS:                Linux x86_64(Host ID eecs2420p06.engin.umich.edu)
#  Generated on:      Sun Mar 26 20:38:18 2023
#  Design:            PE_POOL_top
#  Command:           report_timing > ${REPORT_PATH}/final_hold_timing.rpt
###############################################################
Path 1: MET Hold Check with Pin clk_r_REG425_S1/CK 
Endpoint:   clk_r_REG425_S1/D (v) checked with  leading edge of 'clk'
Beginpoint: pe_in_pk_A__2__3_ (v) triggered by  leading edge of 'clk'
Path Groups: {clk}
Analysis View: holdAnalysis
Other End Arrival Time          0.010
+ Hold                         -0.005
+ Phase Shift                   0.000
- CPPR Adjustment               0.000
+ Uncertainty                   0.100
= Required Time                 0.106
  Arrival Time                  0.192
  Slack Time                    0.087
     Clock Rise Edge                      0.000
     + Input Delay                        0.100
     + Drive Adjustment                   0.006
     = Beginpoint Arrival Time            0.106
     +--------------------------------------------------------------------------------+ 
     |    Instance     |         Arc         |   Cell    | Delay | Arrival | Required | 
     |                 |                     |           |       |  Time   |   Time   | 
     |-----------------+---------------------+-----------+-------+---------+----------| 
     |                 | pe_in_pk_A__2__3_ v |           |       |   0.106 |    0.019 | 
     | U1824           | AN v -> Y v         | NOR2BX1TR | 0.087 |   0.192 |    0.106 | 
     | clk_r_REG425_S1 | D v                 | DFFQX1TR  | 0.000 |   0.192 |    0.106 | 
     +--------------------------------------------------------------------------------+ 

