###############################################################
#  Generated by:      Cadence Innovus 21.14-s109_1
#  OS:                Linux x86_64(Host ID eecs2420p06.engin.umich.edu)
#  Generated on:      Sun Mar 26 20:38:28 2023
#  Design:            PE_POOL_top
###############################################################

SHORT: Regular Wire of Net n892 & Regular Wire of Net FE_OFN115_n  ( M2 )
Bounds : ( 157.900, 159.900 ) ( 158.100, 160.100 )


SHORT: Regular Wire of Net n937 & Regular Wire of Net FE_OFN21_n1099  ( M2 )
Bounds : ( 193.500, 83.900 ) ( 193.700, 84.100 )


SHORT: Regular Via of Net FE_OFN113_reset & Regular Wire of Net n945  ( M2 )
Bounds : ( 186.300, 117.100 ) ( 186.500, 117.300 )


SHORT: Regular Via of Net n967 & Regular Wire of Net FE_OFN13_n1080  ( M2 )
Bounds : ( 184.700, 189.100 ) ( 184.900, 189.300 )


SHORT: Regular Via of Net FE_PSN237_n900 & Regular Wire of Net n1019  ( M2 )
Bounds : ( 198.300, 192.300 ) ( 198.500, 192.500 )


SHORT: Regular Via of Net FE_PSN235_n880 & Regular Wire of Net PE_top0_ST_MULT[1]  ( M2 )
Bounds : ( 167.500, 159.900 ) ( 167.700, 160.100 )


SPACING: Regular Via of Net n500 & Regular Via of Net n498  ( V1 )
Bounds : ( 60.100, 159.500 ) ( 60.300, 159.700 )
Actual:     0.2     Min:     0.28


SPACING: Regular Via of Net n665 & Regular Via of Net n257  ( V1 )
Bounds : ( 60.100, 142.300 ) ( 60.300, 142.500 )
Actual:     0.2     Min:     0.28


SPACING: Regular Via of Net n806 & Regular Via of Net n359  ( V1 )
Bounds : ( 68.500, 48.300 ) ( 68.700, 48.500 )
Actual:     0.2     Min:     0.28


SPACING: Regular Via of Net n937 & Regular Via of Net FE_OFN116_n  ( V1 )
Bounds : ( 186.100, 106.300 ) ( 186.300, 106.500 )
Actual:     0.2     Min:     0.28


SPACING: Regular Via of Net n1114 & Regular Via of Net PE_top0_DP_OP_17J1_122_4844_n37  ( V1 )
Bounds : ( 110.100, 135.100 ) ( 110.300, 135.300 )
Actual:     0.2     Min:     0.28


SPACING: Regular Via of Net n1138 & Regular Via of Net n301  ( V1 )
Bounds : ( 68.100, 63.300 ) ( 68.300, 63.300 )
Actual:     0.2     Min:     0.28


SPACING: Regular Via of Net n1351 & Regular Via of Net n554  ( V1 )
Bounds : ( 75.300, 127.900 ) ( 75.500, 128.100 )
Actual:     0.2     Min:     0.28


SPACING: Regular Via of Net n1914 & Regular Via of Net n1245  ( V1 )
Bounds : ( 206.500, 199.100 ) ( 206.700, 199.300 )
Actual:     0.2     Min:     0.28



Begin Summary ...
  Cells       : 0
  SameNet     : 0
  Wiring      : 8
  Antenna     : 0
  Short       : 6
  Overlap     : 0
End Summary

  Total Violations : 14 Viols.
