###############################################################
#  Generated by:      Cadence Innovus 21.14-s109_1
#  OS:                Linux x86_64(Host ID eecs2420p06.engin.umich.edu)
#  Generated on:      Sun Mar 26 20:35:27 2023
#  Design:            PE_POOL_top
#  Command:           report_ccopt_clock_trees -file /afs/umich.edu/class/eecs627/w23/groups/group4/CNN_LSTM/CNN_POOL_ReLU/apr/PE_POOL_top/reports/post_ccopt.rpt -histograms -list_special_pins -no_invalidate
###############################################################

Clock DAG stats:
================

---------------------------------------------------------
Cell type                 Count    Area       Capacitance
---------------------------------------------------------
Buffers                     0        0.000       0.000
Inverters                  14      269.280       0.373
Integrated Clock Gates      0        0.000       0.000
Discrete Clock Gates        0        0.000       0.000
Clock Logic                 0        0.000       0.000
All                        14      269.280       0.373
---------------------------------------------------------


Clock DAG sink counts:
======================

-------------------------
Sink type           Count
-------------------------
Regular              587
Enable Latch           0
Load Capacitance       0
Antenna Diode          0
Node Sink              0
Total                587
-------------------------


Clock DAG wire lengths:
=======================

--------------------
Type     Wire Length
--------------------
Top          0.000
Trunk      471.200
Leaf      4352.200
Total     4823.400
--------------------


Clock DAG hp wire lengths:
==========================

-----------------------
Type     hp Wire Length
-----------------------
Top            0.000
Trunk        453.200
Leaf        1379.000
Total       1832.200
-----------------------


Clock DAG capacitances:
=======================

--------------------------------
Type     Gate     Wire     Total
--------------------------------
Top      0.000    0.000    0.000
Trunk    0.373    0.071    0.444
Leaf     0.859    0.718    1.576
Total    1.232    0.789    2.021
--------------------------------


Clock DAG sink capacitances:
============================

-----------------------------------------------
Total    Average    Std. Dev.    Min      Max
-----------------------------------------------
0.859     0.001       0.000      0.001    0.004
-----------------------------------------------


Clock DAG net violations:
=========================

None


Clock DAG primary half-corner transition distribution:
======================================================

--------------------------------------------------------------------------------------------------------------------------------------------------------------
Net Type    Target    Count    Average    Std. Dev.    Min      Max      Distribution                                                              Over Target
--------------------------------------------------------------------------------------------------------------------------------------------------------------
Trunk       0.100       5       0.072       0.021      0.045    0.093    {2 <= 0.060ns, 1 <= 0.080ns, 1 <= 0.090ns, 1 <= 0.095ns, 0 <= 0.100ns}         -
Leaf        0.100      10       0.091       0.003      0.087    0.099    {0 <= 0.060ns, 0 <= 0.080ns, 5 <= 0.090ns, 4 <= 0.095ns, 1 <= 0.100ns}         -
--------------------------------------------------------------------------------------------------------------------------------------------------------------


Clock DAG library cell distribution:
====================================

----------------------------------------------
Name           Type        Inst     Inst Area 
                           Count    (um^2)
----------------------------------------------
CLKINVX20TR    inverter     12       241.920
CLKINVX16TR    inverter      1        17.280
CLKINVX8TR     inverter      1        10.080
----------------------------------------------



Please note that the following tables reflect only the defined clock trees, so the flop counts might not include all flops in your design.

Clock Tree Summary:
===================

---------------------------------------------------------------------------------------------------------------------
Clock Tree  Clock  Bufs  Invs  Other  Max       Max     Max     Max          Standard   Wire   Gate   Clock Tree Root
Name        Gates              Clock  Non-leaf  Leaf    Length  Source-sink  cell area  cap    cap    
                               Cells  Fanout    Fanout  (um)    Resistance   (um^2)     (pF)   (pF)   
                                                                (Ohms)                                
---------------------------------------------------------------------------------------------------------------------
clk           0     0     14     0       5        62     217      875.611     269.280   0.789  1.232  clk
---------------------------------------------------------------------------------------------------------------------

Clock Sink Summary:
===================

-------------------------------------------------------------------------------------------------------------------------------------------
Clock Tree  Explicit      Implicit      Explicit     Implicit     Explicit   Implicit   Posedge  Negedge  Memory  Enable  Non enable  Other
Name        exclude pins  exclude pins  ignore pins  ignore pins  stop pins  stop pins  Flops    Flops    Clock   Latch   Latch       Sinks
                                                                                                          Pins    Sinks   Sinks       
-------------------------------------------------------------------------------------------------------------------------------------------
clk              0             0             0            0           0          0        587       0       0       0         0         0
-------------------------------------------------------------------------------------------------------------------------------------------

Summary across all clock trees:
===============================

------------------------------------------------------------------------------------------------------------
Clock  Bufs  Invs  Other  Max       Average   Max     Average  Max      Max          Standard   Wire   Gate
Gates              Clock  Non-leaf  Non-leaf  Leaf    Leaf     Length   Source-sink  cell area  cap    cap
                   Cells  Fanout    Fanout    Fanout  Fanout   (um)     Resistance   (um^2)     (pF)   (pF)
                                                                        (Ohms)                         
------------------------------------------------------------------------------------------------------------
  0     0     14     0       5        2.8       62     58.7    217.000    87.561      269.280   0.789  1.232
------------------------------------------------------------------------------------------------------------

Clock Sink Summary across all clock trees:
==========================================

-------------------------------------------------------------------------------------------------------------------------------
Explicit      Implicit      Explicit     Implicit     Explicit   Implicit   Posedge  Negedge  Memory  Enable  Non enable  Other
exclude pins  exclude pins  ignore pins  ignore pins  stop pins  stop pins  Flops    Flops    Clock   Latch   Latch       Sinks
                                                                                              Pins    Sinks   Sinks       
-------------------------------------------------------------------------------------------------------------------------------
     0             0             0            0           0          0        587       0       0       0         0         0
-------------------------------------------------------------------------------------------------------------------------------

Physical metrics across all clock trees:
========================================

-----------------------------------------------------------------------
Metric                               Minimum  Average  Maximum  Std.dev
-----------------------------------------------------------------------
Source-sink routed net length (um)    4.200   97.640   217.000  49.976
Source-sink manhattan distance (um)   4.400   96.880   218.000  49.841
Source-sink resistance (Ohm)         13.787   67.377    87.561  21.105
-----------------------------------------------------------------------

Net length histogram across all clock trees:

-------------------------------
From (um)    To (um)      Count
-------------------------------
  0.000      and above     15
-------------------------------

Source-sink distance histogram across all clock trees:

-------------------------------
From (um)    To (um)      Count
-------------------------------
  0.000      and above     15
-------------------------------

Source-sink resistance histogram across all clock trees:

-------------------------------
From (Ohm)    To (Ohm)    Count
-------------------------------
  0.000        10.000      15
-------------------------------

Transition distribution for half-corner worstDelay:setup.late:
==============================================================

--------------------------------------------------------------------------------------------------------------------------------------------------------------
Net Type    Target    Count    Average    Std. Dev.    Min      Max      Distribution                                                              Over Target
--------------------------------------------------------------------------------------------------------------------------------------------------------------
Trunk       0.100       5       0.072       0.021      0.045    0.093    {2 <= 0.060ns, 1 <= 0.080ns, 1 <= 0.090ns, 1 <= 0.095ns, 0 <= 0.100ns}         -
Leaf        0.100      10       0.091       0.003      0.087    0.099    {0 <= 0.060ns, 0 <= 0.080ns, 5 <= 0.090ns, 4 <= 0.095ns, 1 <= 0.100ns}         -
--------------------------------------------------------------------------------------------------------------------------------------------------------------

Count of violations across all clock trees:
===========================================

---------------------------------------------------------------------------------------
Clock Tree  # Max capacitance  # Max resistance  # Max length  # Max fanout  # Slew
Name        violations         violations        violations    violations    violations
---------------------------------------------------------------------------------------
clk                 0                 0               0             0            0
---------------------------------------------------------------------------------------
Total               0                 0               0             0            0
---------------------------------------------------------------------------------------

Note the above table per clock tree is based on CCOpt clock tree view. The violations are counted across half corners.

Found a total of 0 clock tree pins with max capacitance violations.
Found a total of 0 clock tree nets with max resistance violations.
Found a total of 0 clock tree nets with max length violations.
Found a total of 0 clock tree nets with max fanout violations.
Found a total of 0 clock tree pins with a slew violation.

Fanout histogram across all clock trees:

----------------------
Fanout  Non-leaf  Leaf
        nets      nets
----------------------
   1       2       0
   2       1       0
   5       2       0
  53       0       1
  56       0       1
  57       0       1
  58       0       2
  60       0       2
  61       0       1
  62       0       2
----------------------

Report for clock tree: clk:
===========================

Clock Tree Gating Structure (Logical):

# Full cycle clock gates   : 0
Minimum clock gating depth : 0
Maximum clock gating depth : 0
Clock gate area (um^2)     : 0.000

Clock Tree Buffering Structure (Logical):

# Buffers             :   0
# Inverters           :  14
  Total               :  14
Minimum depth         :   4
Maximum depth         :   4
Buffering area (um^2) : 269.280

Clock Tree Level Structure (Logical):

-----------------------------------------------------------------
Level  Full   Posedge  Negedge  Memory  Enable  Non enable  Other
       Cycle  Flops    Flops    Clock   Latch   Latch       Sinks
                                Pins    Sinks   Sinks       
-----------------------------------------------------------------
root     0      587       0       0       0         0         0
-----------------------------------------------------------------
Total    0      587       0       0       0         0         0
-----------------------------------------------------------------

Target and measured clock slews (in ns):

---------------------------------------------------------------------------------------------------------------------------------
Timing Corner           Worst Rising  Worst Falling  Worst Rising  Worst Falling  Leaf Slew    Leaf Slew  Trunk Slew   Trunk Slew
                        Leaf Slew     Leaf Slew      Trunk Slew    Trunk Slew     Target Type  Target     Target Type  Target
---------------------------------------------------------------------------------------------------------------------------------
bestDelay:hold.early       0.099          0.090         0.093          0.078      ignored          -      ignored          -
bestDelay:hold.late        0.099          0.090         0.093          0.078      ignored          -      ignored          -
worstDelay:setup.early     0.099          0.090         0.093          0.078      ignored          -      ignored          -
worstDelay:setup.late      0.099          0.090         0.093          0.078      explicit      0.100     explicit      0.100
---------------------------------------------------------------------------------------------------------------------------------

Fanout histogram for clock_tree clk:

----------------------
Fanout  Non-leaf  Leaf
        nets      nets
----------------------
   1       2       0
   2       1       0
   5       2       0
  53       0       1
  56       0       1
  57       0       1
  58       0       2
  60       0       2
  61       0       1
  62       0       2
----------------------

* - indicates that target was not met.

auto extracted - target was extracted from SDC.
auto computed - target was computed when balancing trees.

