###############################################################
#  Generated by:      Cadence Innovus 21.14-s109_1
#  OS:                Linux x86_64(Host ID eecs2420p06.engin.umich.edu)
#  Generated on:      Sun Mar 26 20:38:28 2023
#  Design:            PE_POOL_top
#  Command:           reportFanoutViolation -all -outfile /afs/umich.edu/class/eecs627/w23/groups/group4/CNN_LSTM/CNN_POOL_ReLU/apr/PE_POOL_top/reports/report_fanout_viol.rpt
###############################################################
# Net / InstPin                         MaxFanLoad  FanLoad         FanLoadSlk       CellPort             Remark    
#
CTS_5
    CTS_ccl_a_inv_00001/Y                   16.000      62.000          -46.000          CLKINVX20TR/Y                C 
CTS_7
    CTS_ccl_a_inv_00006/Y                   16.000      62.000          -46.000          CLKINVX20TR/Y                C 
CTS_2
    CTS_ccl_a_inv_00007/Y                   16.000      61.000          -45.000          CLKINVX20TR/Y                C 
CTS_8
    CTS_ccl_a_inv_00009/Y                   16.000      60.000          -44.000          CLKINVX20TR/Y                C 
CTS_9
    CTS_ccl_a_inv_00010/Y                   16.000      60.000          -44.000          CLKINVX20TR/Y                C 
CTS_1
    CTS_ccl_a_inv_00005/Y                   16.000      58.000          -42.000          CLKINVX20TR/Y                C 
CTS_3
    CTS_ccl_a_inv_00008/Y                   16.000      58.000          -42.000          CLKINVX20TR/Y                C 
CTS_12
    CTS_ccl_a_inv_00003/Y                   16.000      57.000          -41.000          CLKINVX20TR/Y                C 
CTS_6
    CTS_ccl_a_inv_00004/Y                   16.000      56.000          -40.000          CLKINVX20TR/Y                C 
CTS_11
    CTS_ccl_a_inv_00002/Y                   16.000      53.000          -37.000          CLKINVX20TR/Y                C 

*info: there are 10 max fanout load violations in the design.
*info: 0 violation is real (remark R).
*info: 10 violations may not be fixable:
*info:     10 violations on clock net (remark C).
