###############################################################
#  Generated by:      Cadence Innovus 21.14-s109_1
#  OS:                Linux x86_64(Host ID eecs2420p06.engin.umich.edu)
#  Generated on:      Sun Mar 26 16:31:31 2023
#  Design:            PE_POOL
#  Command:           addMetalFill -layer {1 2 3 4} -onCells -timingAware sta -area 0 0 260.0 300.0
###############################################################

Iteration name: default
Fill shape type: FILLWIRE
Layer M1 - Fill width    : 0.400um - 1.000um
Layer M1 - Fill length   : 1.000um - 4.000um
Layer M1 - Active spacing: 0.600um
Layer M1 - Gap spacing   : 0.400um
Layer M1 - Window size   : 260um X 300um
Layer M1 - Window step   : 260um X 300um
Layer M1 - Min Density   : 20%
Layer M1 - Pref Density  : 25%
Layer M1 - Max Density   : 80%
Layer M1 - Ext Density   : 35%
Layer M1 - Number of windows (total - met pref density = processed): 1 - 1 = 0
Layer M2 - Fill width    : 0.400um - 1.000um
Layer M2 - Fill length   : 1.000um - 4.000um
Layer M2 - Active spacing: 0.600um
Layer M2 - Gap spacing   : 0.400um
Layer M2 - Window size   : 260um X 300um
Layer M2 - Window step   : 260um X 300um
Layer M2 - Min Density   : 20%
Layer M2 - Pref Density  : 25%
Layer M2 - Max Density   : 80%
Layer M2 - Ext Density   : 35%
Layer M2 - Number of windows (total - met pref density = processed): 1 - 0 = 1
Layer M3 - Fill width    : 0.400um - 1.000um
Layer M3 - Fill length   : 1.000um - 4.000um
Layer M3 - Active spacing: 0.600um
Layer M3 - Gap spacing   : 0.400um
Layer M3 - Window size   : 260um X 300um
Layer M3 - Window step   : 260um X 300um
Layer M3 - Min Density   : 20%
Layer M3 - Pref Density  : 25%
Layer M3 - Max Density   : 80%
Layer M3 - Ext Density   : 35%
Layer M3 - Number of windows (total - met pref density = processed): 1 - 0 = 1
Layer M4 - Fill width    : 0.400um - 1.000um
Layer M4 - Fill length   : 1.000um - 4.000um
Layer M4 - Active spacing: 0.600um
Layer M4 - Gap spacing   : 0.400um
Layer M4 - Window size   : 260um X 300um
Layer M4 - Window step   : 260um X 300um
Layer M4 - Min Density   : 20%
Layer M4 - Pref Density  : 25%
Layer M4 - Max Density   : 80%
Layer M4 - Ext Density   : 35%
Layer M4 - Number of windows (total - met pref density = processed): 1 - 0 = 1

***************Before filling***************

Layer M1 - Number of windows under minimum density (20%): 0 out of total 1.
Layer M1 - Number of windows over maximum density  (80%): 0 out of total 1.

Layer M2 - Number of windows under minimum density (20%): 1 out of total 1.
Layer M2 - Number of windows over maximum density  (80%): 0 out of total 1.

Layer M3 - Number of windows under minimum density (20%): 1 out of total 1.
Layer M3 - Number of windows over maximum density  (80%): 0 out of total 1.

Layer M4 - Number of windows under minimum density (20%): 1 out of total 1.
Layer M4 - Number of windows over maximum density  (80%): 0 out of total 1.

***************After filling***************

Layer M1 - Number of windows under minimum density (20%): 0 out of total 1.
Layer M1 - Number of windows over maximum density  (80%): 0 out of total 1.

Layer M2 - Number of windows under minimum density (20%): 0 out of total 1.
Layer M2 - Number of windows over maximum density  (80%): 0 out of total 1.

Layer M3 - Number of windows under minimum density (20%): 0 out of total 1.
Layer M3 - Number of windows over maximum density  (80%): 0 out of total 1.

Layer M4 - Number of windows under minimum density (20%): 0 out of total 1.
Layer M4 - Number of windows over maximum density  (80%): 0 out of total 1.

