###############################################################
#  Generated by:      Cadence Innovus 21.14-s109_1
#  OS:                Linux x86_64(Host ID caen-vnc-mi11.engin.umich.edu)
#  Generated on:      Sun Apr  2 18:51:16 2023
#  Design:            Main_controller
#  Command:           report_timing > ${REPORT_PATH}/final_setup_timing.rpt
###############################################################
Path 1: MET Setup Check with Pin clk_r_REG44_S4/CK 
Endpoint:   clk_r_REG44_S4/D (v) checked with  leading edge of 'clk'
Beginpoint: clk_r_REG58_S1/Q (^) triggered by  leading edge of 'clk'
Path Groups: {clk}
Analysis View: setupAnalysis
Other End Arrival Time          0.001
- Setup                         0.090
+ Phase Shift                   1.500
+ CPPR Adjustment               0.000
- Uncertainty                   0.100
= Required Time                 1.311
- Arrival Time                  1.260
= Slack Time                    0.050
     Clock Rise Edge                 0.000
     + Clock Network Latency (Prop)  0.006
     = Beginpoint Arrival Time       0.006
     +------------------------------------------------------------------------+ 
     |    Instance    |     Arc     |    Cell    | Delay | Arrival | Required | 
     |                |             |            |       |  Time   |   Time   | 
     |----------------+-------------+------------+-------+---------+----------| 
     | clk_r_REG58_S1 | CK ^        |            |       |   0.006 |    0.056 | 
     | clk_r_REG58_S1 | CK ^ -> Q ^ | DFFQX1TR   | 0.384 |   0.389 |    0.440 | 
     | U492           | A ^ -> Y v  | NAND3X1TR  | 0.156 |   0.545 |    0.596 | 
     | U561           | A v -> Y ^  | NOR2X2TR   | 0.132 |   0.678 |    0.728 | 
     | U562           | D ^ -> Y ^  | AND4X4TR   | 0.156 |   0.834 |    0.884 | 
     | U378           | A ^ -> Y v  | CLKINVX2TR | 0.106 |   0.940 |    0.990 | 
     | U517           | B v -> Y ^  | NAND2X2TR  | 0.103 |   1.043 |    1.093 | 
     | U299           | B0 ^ -> Y v | OAI22X1TR  | 0.057 |   1.100 |    1.150 | 
     | U499           | A1 v -> Y v | AO22X1TR   | 0.160 |   1.260 |    1.311 | 
     | clk_r_REG44_S4 | D v         | DFFQX1TR   | 0.000 |   1.260 |    1.311 | 
     +------------------------------------------------------------------------+ 

