###############################################################
#  Generated by:      Cadence Innovus 21.14-s109_1
#  OS:                Linux x86_64(Host ID caen-vnc-mi11.engin.umich.edu)
#  Generated on:      Sun Apr  2 18:46:48 2023
#  Design:            Main_controller
#  Command:           report_ccopt_clock_trees -file /afs/umich.edu/class/eecs627/w23/groups/group4/CNN_LSTM/Main_controller/apr/controller/reports/post_ccopt.rpt -histograms -list_special_pins -no_invalidate
###############################################################

Clock DAG stats:
================

--------------------------------------------------------
Cell type                 Count    Area      Capacitance
--------------------------------------------------------
Buffers                     0       0.000       0.000
Inverters                   3      47.520       0.063
Integrated Clock Gates      0       0.000       0.000
Discrete Clock Gates        0       0.000       0.000
Clock Logic                 0       0.000       0.000
All                         3      47.520       0.063
--------------------------------------------------------


Clock DAG sink counts:
======================

-------------------------
Sink type           Count
-------------------------
Regular              77
Enable Latch          0
Load Capacitance      0
Antenna Diode         0
Node Sink             0
Total                77
-------------------------


Clock DAG wire lengths:
=======================

--------------------
Type     Wire Length
--------------------
Top          0.000
Trunk      151.200
Leaf       912.400
Total     1063.600
--------------------


Clock DAG hp wire lengths:
==========================

-----------------------
Type     hp Wire Length
-----------------------
Top           0.000
Trunk       114.000
Leaf        395.200
Total       509.200
-----------------------


Clock DAG capacitances:
=======================

--------------------------------
Type     Gate     Wire     Total
--------------------------------
Top      0.000    0.000    0.000
Trunk    0.063    0.020    0.083
Leaf     0.129    0.137    0.266
Total    0.192    0.157    0.349
--------------------------------


Clock DAG sink capacitances:
============================

-----------------------------------------------
Total    Average    Std. Dev.    Min      Max
-----------------------------------------------
0.129     0.002       0.001      0.001    0.004
-----------------------------------------------


Clock DAG net violations:
=========================

None


Clock DAG primary half-corner transition distribution:
======================================================

--------------------------------------------------------------------------------------------------------------------------------------------------------------
Net Type    Target    Count    Average    Std. Dev.    Min      Max      Distribution                                                              Over Target
--------------------------------------------------------------------------------------------------------------------------------------------------------------
Trunk       0.100       2       0.093       0.002      0.092    0.095    {0 <= 0.060ns, 0 <= 0.080ns, 0 <= 0.090ns, 2 <= 0.095ns, 0 <= 0.100ns}         -
Leaf        0.100       2       0.084       0.006      0.080    0.088    {0 <= 0.060ns, 0 <= 0.080ns, 2 <= 0.090ns, 0 <= 0.095ns, 0 <= 0.100ns}         -
--------------------------------------------------------------------------------------------------------------------------------------------------------------


Clock DAG library cell distribution:
====================================

----------------------------------------------
Name           Type        Inst     Inst Area 
                           Count    (um^2)
----------------------------------------------
CLKINVX20TR    inverter      1        20.160
CLKINVX16TR    inverter      1        17.280
CLKINVX8TR     inverter      1        10.080
----------------------------------------------



Please note that the following tables reflect only the defined clock trees, so the flop counts might not include all flops in your design.

Clock Tree Summary:
===================

---------------------------------------------------------------------------------------------------------------------
Clock Tree  Clock  Bufs  Invs  Other  Max       Max     Max     Max          Standard   Wire   Gate   Clock Tree Root
Name        Gates              Clock  Non-leaf  Leaf    Length  Source-sink  cell area  cap    cap    
                               Cells  Fanout    Fanout  (um)    Resistance   (um^2)     (pF)   (pF)   
                                                                (Ohms)                                
---------------------------------------------------------------------------------------------------------------------
clk           0     0     3      0       2        41     191      1074.41     47.520    0.157  0.192  clk
---------------------------------------------------------------------------------------------------------------------

Clock Sink Summary:
===================

-------------------------------------------------------------------------------------------------------------------------------------------
Clock Tree  Explicit      Implicit      Explicit     Implicit     Explicit   Implicit   Posedge  Negedge  Memory  Enable  Non enable  Other
Name        exclude pins  exclude pins  ignore pins  ignore pins  stop pins  stop pins  Flops    Flops    Clock   Latch   Latch       Sinks
                                                                                                          Pins    Sinks   Sinks       
-------------------------------------------------------------------------------------------------------------------------------------------
clk              0             0             0            0           0          0        77        0       0       0         0         0
-------------------------------------------------------------------------------------------------------------------------------------------

Summary across all clock trees:
===============================

------------------------------------------------------------------------------------------------------------
Clock  Bufs  Invs  Other  Max       Average   Max     Average  Max      Max          Standard   Wire   Gate
Gates              Clock  Non-leaf  Non-leaf  Leaf    Leaf     Length   Source-sink  cell area  cap    cap
                   Cells  Fanout    Fanout    Fanout  Fanout   (um)     Resistance   (um^2)     (pF)   (pF)
                                                                        (Ohms)                         
------------------------------------------------------------------------------------------------------------
  0     0     3      0       2        1.5       41     38.5    191.000    107.441     47.520    0.157  0.192
------------------------------------------------------------------------------------------------------------

Clock Sink Summary across all clock trees:
==========================================

-------------------------------------------------------------------------------------------------------------------------------
Explicit      Implicit      Explicit     Implicit     Explicit   Implicit   Posedge  Negedge  Memory  Enable  Non enable  Other
exclude pins  exclude pins  ignore pins  ignore pins  stop pins  stop pins  Flops    Flops    Clock   Latch   Latch       Sinks
                                                                                              Pins    Sinks   Sinks       
-------------------------------------------------------------------------------------------------------------------------------
     0             0             0            0           0          0        77        0       0       0         0         0
-------------------------------------------------------------------------------------------------------------------------------

Physical metrics across all clock trees:
========================================

-----------------------------------------------------------------------
Metric                               Minimum  Average  Maximum  Std.dev
-----------------------------------------------------------------------
Source-sink routed net length (um)   37.600   127.750  191.000  59.425
Source-sink manhattan distance (um)  38.400   124.300  190.400  56.854
Source-sink resistance (Ohm)         18.999    67.945  107.441  31.739
-----------------------------------------------------------------------

Net length histogram across all clock trees:

-----------------------------
From (um)    To (um)    Count
-----------------------------
  0.000      10.000       4
-----------------------------

Source-sink distance histogram across all clock trees:

-----------------------------
From (um)    To (um)    Count
-----------------------------
  0.000      10.000       4
-----------------------------

Source-sink resistance histogram across all clock trees:

-------------------------------
From (Ohm)    To (Ohm)    Count
-------------------------------
   0.000       10.000       3
  10.000       20.000       1
-------------------------------

Transition distribution for half-corner worstDelay:setup.late:
==============================================================

--------------------------------------------------------------------------------------------------------------------------------------------------------------
Net Type    Target    Count    Average    Std. Dev.    Min      Max      Distribution                                                              Over Target
--------------------------------------------------------------------------------------------------------------------------------------------------------------
Trunk       0.100       2       0.093       0.002      0.092    0.095    {0 <= 0.060ns, 0 <= 0.080ns, 0 <= 0.090ns, 2 <= 0.095ns, 0 <= 0.100ns}         -
Leaf        0.100       2       0.084       0.006      0.080    0.088    {0 <= 0.060ns, 0 <= 0.080ns, 2 <= 0.090ns, 0 <= 0.095ns, 0 <= 0.100ns}         -
--------------------------------------------------------------------------------------------------------------------------------------------------------------

Count of violations across all clock trees:
===========================================

---------------------------------------------------------------------------------------
Clock Tree  # Max capacitance  # Max resistance  # Max length  # Max fanout  # Slew
Name        violations         violations        violations    violations    violations
---------------------------------------------------------------------------------------
clk                 0                 0               0             0            0
---------------------------------------------------------------------------------------
Total               0                 0               0             0            0
---------------------------------------------------------------------------------------

Note the above table per clock tree is based on CCOpt clock tree view. The violations are counted across half corners.

Found a total of 0 clock tree pins with max capacitance violations.
Found a total of 0 clock tree nets with max resistance violations.
Found a total of 0 clock tree nets with max length violations.
Found a total of 0 clock tree nets with max fanout violations.
Found a total of 0 clock tree pins with a slew violation.

Fanout histogram across all clock trees:

----------------------
Fanout  Non-leaf  Leaf
        nets      nets
----------------------
   1       1       0
   2       1       0
  36       0       1
  41       0       1
----------------------

Report for clock tree: clk:
===========================

Clock Tree Gating Structure (Logical):

# Full cycle clock gates   : 0
Minimum clock gating depth : 0
Maximum clock gating depth : 0
Clock gate area (um^2)     : 0.000

Clock Tree Buffering Structure (Logical):

# Buffers             :  0
# Inverters           :  3
  Total               :  3
Minimum depth         :  2
Maximum depth         :  2
Buffering area (um^2) : 47.520

Clock Tree Level Structure (Logical):

-----------------------------------------------------------------
Level  Full   Posedge  Negedge  Memory  Enable  Non enable  Other
       Cycle  Flops    Flops    Clock   Latch   Latch       Sinks
                                Pins    Sinks   Sinks       
-----------------------------------------------------------------
root     0      77        0       0       0         0         0
-----------------------------------------------------------------
Total    0      77        0       0       0         0         0
-----------------------------------------------------------------

Target and measured clock slews (in ns):

---------------------------------------------------------------------------------------------------------------------------------
Timing Corner           Worst Rising  Worst Falling  Worst Rising  Worst Falling  Leaf Slew    Leaf Slew  Trunk Slew   Trunk Slew
                        Leaf Slew     Leaf Slew      Trunk Slew    Trunk Slew     Target Type  Target     Target Type  Target
---------------------------------------------------------------------------------------------------------------------------------
bestDelay:hold.early       0.088          0.082         0.095          0.082      ignored          -      ignored          -
bestDelay:hold.late        0.088          0.082         0.095          0.082      ignored          -      ignored          -
worstDelay:setup.early     0.088          0.082         0.095          0.082      ignored          -      ignored          -
worstDelay:setup.late      0.088          0.082         0.095          0.082      explicit      0.100     explicit      0.100
---------------------------------------------------------------------------------------------------------------------------------

Fanout histogram for clock_tree clk:

----------------------
Fanout  Non-leaf  Leaf
        nets      nets
----------------------
   1       1       0
   2       1       0
  36       0       1
  41       0       1
----------------------

* - indicates that target was not met.

auto extracted - target was extracted from SDC.
auto computed - target was computed when balancing trees.

