###############################################################
#  Generated by:      Cadence Innovus 21.14-s109_1
#  OS:                Linux x86_64(Host ID eecs2420p06.engin.umich.edu)
#  Generated on:      Sun Mar 26 16:31:36 2023
#  Design:            PE_POOL
#  Command:           report_timing > ${REPORT_PATH}/final_hold_timing.rpt
###############################################################
Path 1: MET Hold Check with Pin PE_top0_buff_mult_arr0_mult_x_30_clk_r_REG149_
S1/CK 
Endpoint:   PE_top0_buff_mult_arr0_mult_x_30_clk_r_REG149_S1/D (v) checked with 
leading edge of 'clk'
Beginpoint: pe_in_pk_A__2__2_                                  (v) triggered by 
leading edge of 'clk'
Path Groups: {clk}
Analysis View: holdAnalysis
Other End Arrival Time          0.002
+ Hold                         -0.004
+ Phase Shift                   0.000
- CPPR Adjustment               0.000
+ Uncertainty                   0.100
= Required Time                 0.098
  Arrival Time                  0.192
  Slack Time                    0.094
     Clock Rise Edge                      0.000
     + Input Delay                        0.100
     + Drive Adjustment                   0.006
     = Beginpoint Arrival Time            0.106
     +-----------------------------------------------------------------------------------------------------------------+ 
     |                     Instance                     |         Arc         |   Cell    | Delay | Arrival | Required | 
     |                                                  |                     |           |       |  Time   |   Time   | 
     |--------------------------------------------------+---------------------+-----------+-------+---------+----------| 
     |                                                  | pe_in_pk_A__2__2_ v |           |       |   0.106 |    0.011 | 
     | U1523                                            | AN v -> Y v         | NOR2BX1TR | 0.087 |   0.192 |    0.098 | 
     | PE_top0_buff_mult_arr0_mult_x_30_clk_r_REG149_S1 | D v                 | DFFQX1TR  | 0.000 |   0.192 |    0.098 | 
     +-----------------------------------------------------------------------------------------------------------------+ 

