###############################################################
#  Generated by:      Cadence Innovus 21.14-s109_1
#  OS:                Linux x86_64(Host ID eecs2420p06.engin.umich.edu)
#  Generated on:      Sun Mar 26 16:31:37 2023
#  Design:            PE_POOL
#  Command:           report_timing > ${REPORT_PATH}/final_setup_timing.rpt
###############################################################
Path 1: MET Setup Check with Pin clk_r_REG99_S2/CK 
Endpoint:   clk_r_REG99_S2/D  (^) checked with  leading edge of 'clk'
Beginpoint: clk_r_REG446_S2/Q (v) triggered by  leading edge of 'clk'
Path Groups: {clk}
Analysis View: setupAnalysis
Other End Arrival Time          0.001
- Setup                         0.110
+ Phase Shift                   1.500
+ CPPR Adjustment               0.000
- Uncertainty                   0.100
= Required Time                 1.290
- Arrival Time                  1.239
= Slack Time                    0.052
     Clock Rise Edge                 0.000
     + Clock Network Latency (Prop)  0.014
     = Beginpoint Arrival Time       0.014
     +---------------------------------------------------------------------------+ 
     |    Instance     |     Arc      |    Cell     | Delay | Arrival | Required | 
     |                 |              |             |       |  Time   |   Time   | 
     |-----------------+--------------+-------------+-------+---------+----------| 
     | clk_r_REG446_S2 | CK ^         |             |       |   0.014 |    0.066 | 
     | clk_r_REG446_S2 | CK ^ -> Q v  | DFFQX1TR    | 0.293 |   0.307 |    0.359 | 
     | U687            | B1 v -> Y v  | AO22X4TR    | 0.177 |   0.484 |    0.536 | 
     | U885            | B v -> Y ^   | XNOR2X1TR   | 0.143 |   0.627 |    0.679 | 
     | U886            | A ^ -> Y v   | CLKINVX2TR  | 0.053 |   0.681 |    0.733 | 
     | U887            | A1N v -> Y v | OAI2BB2X2TR | 0.099 |   0.780 |    0.832 | 
     | U897            | B v -> S v   | ADDHX1TR    | 0.084 |   0.864 |    0.916 | 
     | U126            | A v -> Y v   | OR2X4TR     | 0.099 |   0.963 |    1.015 | 
     | U891            | A1 v -> Y ^  | AOI21X2TR   | 0.099 |   1.063 |    1.115 | 
     | U892            | A ^ -> Y v   | INVX2TR     | 0.043 |   1.105 |    1.157 | 
     | U900            | A0 v -> Y ^  | AOI21X2TR   | 0.071 |   1.176 |    1.228 | 
     | U906            | A ^ -> Y ^   | XOR2X1TR    | 0.062 |   1.239 |    1.290 | 
     | clk_r_REG99_S2  | D ^          | DFFQX1TR    | 0.000 |   1.239 |    1.290 | 
     +---------------------------------------------------------------------------+ 

