###############################################################
#  Generated by:      Cadence Innovus 21.14-s109_1
#  OS:                Linux x86_64(Host ID eecs2420p06.engin.umich.edu)
#  Generated on:      Sun Mar 26 16:29:18 2023
#  Design:            PE_POOL
#  Command:           report_ccopt_clock_trees -file /afs/umich.edu/class/eecs627/w23/groups/group4/CNN_LSTM/CNN_POOL_ReLU/apr/PE_POOL/reports/post_ccopt.rpt -histograms -list_special_pins -no_invalidate
###############################################################

Clock DAG stats:
================

---------------------------------------------------------
Cell type                 Count    Area       Capacitance
---------------------------------------------------------
Buffers                     0        0.000       0.000
Inverters                  14      263.520       0.362
Integrated Clock Gates      0        0.000       0.000
Discrete Clock Gates        0        0.000       0.000
Clock Logic                 0        0.000       0.000
All                        14      263.520       0.362
---------------------------------------------------------


Clock DAG sink counts:
======================

-------------------------
Sink type           Count
-------------------------
Regular              551
Enable Latch           0
Load Capacitance       0
Antenna Diode          0
Node Sink              0
Total                551
-------------------------


Clock DAG wire lengths:
=======================

--------------------
Type     Wire Length
--------------------
Top          0.000
Trunk      511.200
Leaf      4278.800
Total     4790.000
--------------------


Clock DAG hp wire lengths:
==========================

-----------------------
Type     hp Wire Length
-----------------------
Top            0.000
Trunk        498.000
Leaf        1394.400
Total       1892.400
-----------------------


Clock DAG capacitances:
=======================

--------------------------------
Type     Gate     Wire     Total
--------------------------------
Top      0.000    0.000    0.000
Trunk    0.362    0.076    0.439
Leaf     0.817    0.694    1.511
Total    1.179    0.770    1.950
--------------------------------


Clock DAG sink capacitances:
============================

-----------------------------------------------
Total    Average    Std. Dev.    Min      Max
-----------------------------------------------
0.817     0.001       0.000      0.001    0.004
-----------------------------------------------


Clock DAG net violations:
=========================

None


Clock DAG primary half-corner transition distribution:
======================================================

--------------------------------------------------------------------------------------------------------------------------------------------------------------
Net Type    Target    Count    Average    Std. Dev.    Min      Max      Distribution                                                              Over Target
--------------------------------------------------------------------------------------------------------------------------------------------------------------
Trunk       0.100       6       0.066       0.011      0.048    0.078    {1 <= 0.060ns, 5 <= 0.080ns, 0 <= 0.090ns, 0 <= 0.095ns, 0 <= 0.100ns}         -
Leaf        0.100       9       0.095       0.003      0.089    0.100    {0 <= 0.060ns, 0 <= 0.080ns, 2 <= 0.090ns, 1 <= 0.095ns, 6 <= 0.100ns}         -
--------------------------------------------------------------------------------------------------------------------------------------------------------------


Clock DAG library cell distribution:
====================================

----------------------------------------------
Name           Type        Inst     Inst Area 
                           Count    (um^2)
----------------------------------------------
CLKINVX20TR    inverter     11       221.760
CLKINVX16TR    inverter      1        17.280
CLKINVX12TR    inverter      1        14.400
CLKINVX8TR     inverter      1        10.080
----------------------------------------------



Please note that the following tables reflect only the defined clock trees, so the flop counts might not include all flops in your design.

Clock Tree Summary:
===================

---------------------------------------------------------------------------------------------------------------------
Clock Tree  Clock  Bufs  Invs  Other  Max       Max     Max     Max          Standard   Wire   Gate   Clock Tree Root
Name        Gates              Clock  Non-leaf  Leaf    Length  Source-sink  cell area  cap    cap    
                               Cells  Fanout    Fanout  (um)    Resistance   (um^2)     (pF)   (pF)   
                                                                (Ohms)                                
---------------------------------------------------------------------------------------------------------------------
clk           0     0     14     0       4        66    249.4     1057.9      263.520   0.770  1.179  clk
---------------------------------------------------------------------------------------------------------------------

Clock Sink Summary:
===================

-------------------------------------------------------------------------------------------------------------------------------------------
Clock Tree  Explicit      Implicit      Explicit     Implicit     Explicit   Implicit   Posedge  Negedge  Memory  Enable  Non enable  Other
Name        exclude pins  exclude pins  ignore pins  ignore pins  stop pins  stop pins  Flops    Flops    Clock   Latch   Latch       Sinks
                                                                                                          Pins    Sinks   Sinks       
-------------------------------------------------------------------------------------------------------------------------------------------
clk              0             0             0            0           0          0        551       0       0       0         0         0
-------------------------------------------------------------------------------------------------------------------------------------------

Summary across all clock trees:
===============================

------------------------------------------------------------------------------------------------------------
Clock  Bufs  Invs  Other  Max       Average   Max     Average  Max      Max          Standard   Wire   Gate
Gates              Clock  Non-leaf  Non-leaf  Leaf    Leaf     Length   Source-sink  cell area  cap    cap
                   Cells  Fanout    Fanout    Fanout  Fanout   (um)     Resistance   (um^2)     (pF)   (pF)
                                                                        (Ohms)                         
------------------------------------------------------------------------------------------------------------
  0     0     14     0       4      2.33333     66    61.2222  249.400    105.790     263.520   0.770  1.179
------------------------------------------------------------------------------------------------------------

Clock Sink Summary across all clock trees:
==========================================

-------------------------------------------------------------------------------------------------------------------------------
Explicit      Implicit      Explicit     Implicit     Explicit   Implicit   Posedge  Negedge  Memory  Enable  Non enable  Other
exclude pins  exclude pins  ignore pins  ignore pins  stop pins  stop pins  Flops    Flops    Clock   Latch   Latch       Sinks
                                                                                              Pins    Sinks   Sinks       
-------------------------------------------------------------------------------------------------------------------------------
     0             0             0            0           0          0        551       0       0       0         0         0
-------------------------------------------------------------------------------------------------------------------------------

Physical metrics across all clock trees:
========================================

-----------------------------------------------------------------------
Metric                               Minimum  Average  Maximum  Std.dev
-----------------------------------------------------------------------
Source-sink routed net length (um)    9.600   104.000  249.400  59.852
Source-sink manhattan distance (um)  10.400    97.493  247.200  56.170
Source-sink resistance (Ohm)         13.787    73.943  105.790  27.933
-----------------------------------------------------------------------

Net length histogram across all clock trees:

-------------------------------
From (um)    To (um)      Count
-------------------------------
  0.000      and above     15
-------------------------------

Source-sink distance histogram across all clock trees:

-------------------------------
From (um)    To (um)      Count
-------------------------------
  0.000      and above     15
-------------------------------

Source-sink resistance histogram across all clock trees:

-------------------------------
From (Ohm)    To (Ohm)    Count
-------------------------------
   0.000       10.000      11
  10.000       20.000       4
-------------------------------

Transition distribution for half-corner worstDelay:setup.late:
==============================================================

--------------------------------------------------------------------------------------------------------------------------------------------------------------
Net Type    Target    Count    Average    Std. Dev.    Min      Max      Distribution                                                              Over Target
--------------------------------------------------------------------------------------------------------------------------------------------------------------
Trunk       0.100       6       0.066       0.011      0.048    0.078    {1 <= 0.060ns, 5 <= 0.080ns, 0 <= 0.090ns, 0 <= 0.095ns, 0 <= 0.100ns}         -
Leaf        0.100       9       0.095       0.003      0.089    0.100    {0 <= 0.060ns, 0 <= 0.080ns, 2 <= 0.090ns, 1 <= 0.095ns, 6 <= 0.100ns}         -
--------------------------------------------------------------------------------------------------------------------------------------------------------------

Count of violations across all clock trees:
===========================================

---------------------------------------------------------------------------------------
Clock Tree  # Max capacitance  # Max resistance  # Max length  # Max fanout  # Slew
Name        violations         violations        violations    violations    violations
---------------------------------------------------------------------------------------
clk                 0                 0               0             0            0
---------------------------------------------------------------------------------------
Total               0                 0               0             0            0
---------------------------------------------------------------------------------------

Note the above table per clock tree is based on CCOpt clock tree view. The violations are counted across half corners.

Found a total of 0 clock tree pins with max capacitance violations.
Found a total of 0 clock tree nets with max resistance violations.
Found a total of 0 clock tree nets with max length violations.
Found a total of 0 clock tree nets with max fanout violations.
Found a total of 0 clock tree pins with a slew violation.

Fanout histogram across all clock trees:

----------------------
Fanout  Non-leaf  Leaf
        nets      nets
----------------------
   1       2       0
   2       1       0
   3       2       0
   4       1       0
  52       0       1
  56       0       1
  60       0       1
  61       0       1
  62       0       1
  63       0       1
  65       0       1
  66       0       2
----------------------

Report for clock tree: clk:
===========================

Clock Tree Gating Structure (Logical):

# Full cycle clock gates   : 0
Minimum clock gating depth : 0
Maximum clock gating depth : 0
Clock gate area (um^2)     : 0.000

Clock Tree Buffering Structure (Logical):

# Buffers             :   0
# Inverters           :  14
  Total               :  14
Minimum depth         :   4
Maximum depth         :   4
Buffering area (um^2) : 263.520

Clock Tree Level Structure (Logical):

-----------------------------------------------------------------
Level  Full   Posedge  Negedge  Memory  Enable  Non enable  Other
       Cycle  Flops    Flops    Clock   Latch   Latch       Sinks
                                Pins    Sinks   Sinks       
-----------------------------------------------------------------
root     0      551       0       0       0         0         0
-----------------------------------------------------------------
Total    0      551       0       0       0         0         0
-----------------------------------------------------------------

Target and measured clock slews (in ns):

---------------------------------------------------------------------------------------------------------------------------------
Timing Corner           Worst Rising  Worst Falling  Worst Rising  Worst Falling  Leaf Slew    Leaf Slew  Trunk Slew   Trunk Slew
                        Leaf Slew     Leaf Slew      Trunk Slew    Trunk Slew     Target Type  Target     Target Type  Target
---------------------------------------------------------------------------------------------------------------------------------
bestDelay:hold.early       0.100          0.084         0.078          0.063      ignored          -      ignored          -
bestDelay:hold.late        0.100          0.084         0.078          0.063      ignored          -      ignored          -
worstDelay:setup.early     0.100          0.084         0.078          0.063      ignored          -      ignored          -
worstDelay:setup.late      0.100          0.084         0.078          0.063      explicit      0.100     explicit      0.100
---------------------------------------------------------------------------------------------------------------------------------

Fanout histogram for clock_tree clk:

----------------------
Fanout  Non-leaf  Leaf
        nets      nets
----------------------
   1       2       0
   2       1       0
   3       2       0
   4       1       0
  52       0       1
  56       0       1
  60       0       1
  61       0       1
  62       0       1
  63       0       1
  65       0       1
  66       0       2
----------------------

* - indicates that target was not met.

auto extracted - target was extracted from SDC.
auto computed - target was computed when balancing trees.

