###############################################################
#  Generated by:      Cadence Innovus 21.14-s109_1
#  OS:                Linux x86_64(Host ID eecs2420p06.engin.umich.edu)
#  Generated on:      Sun Mar 26 16:31:45 2023
#  Design:            PE_POOL
#  Command:           reportFanoutViolation -all -outfile /afs/umich.edu/class/eecs627/w23/groups/group4/CNN_LSTM/CNN_POOL_ReLU/apr/PE_POOL/reports/report_fanout_viol.rpt
###############################################################
# Net / InstPin                         MaxFanLoad  FanLoad         FanLoadSlk       CellPort             Remark    
#
CTS_6
    CTS_ccl_a_inv_00005/Y                   16.000      66.000          -50.000          CLKINVX20TR/Y                C 
CTS_7
    CTS_ccl_a_inv_00006/Y                   16.000      66.000          -50.000          CLKINVX20TR/Y                C 
CTS_8
    CTS_ccl_a_inv_00007/Y                   16.000      65.000          -49.000          CLKINVX20TR/Y                C 
CTS_4
    CTS_ccl_a_inv_00008/Y                   16.000      63.000          -47.000          CLKINVX20TR/Y                C 
CTS_12
    CTS_ccl_a_inv_00003/Y                   16.000      62.000          -46.000          CLKINVX20TR/Y                C 
CTS_9
    CTS_ccl_a_inv_00009/Y                   16.000      61.000          -45.000          CLKINVX20TR/Y                C 
CTS_3
    CTS_ccl_a_inv_00004/Y                   16.000      60.000          -44.000          CLKINVX20TR/Y                C 
CTS_2
    CTS_ccl_a_inv_00001/Y                   16.000      56.000          -40.000          CLKINVX20TR/Y                C 
CTS_11
    CTS_ccl_a_inv_00002/Y                   16.000      52.000          -36.000          CLKINVX20TR/Y                C 

*info: there are 9 max fanout load violations in the design.
*info: 0 violation is real (remark R).
*info: 9 violations may not be fixable:
*info:     9 violations on clock net (remark C).
