###############################################################
#  Generated by:      Cadence Innovus 21.14-s109_1
#  OS:                Linux x86_64(Host ID eecs2420p06.engin.umich.edu)
#  Generated on:      Fri Mar 24 00:02:18 2023
#  Design:            PE_top
#  Command:           report_ccopt_clock_trees -file /afs/umich.edu/class/eecs627/w23/groups/group4/CNN_LSTM/CNN/apr/PE_top/reports/post_ccopt.rpt -histograms -list_special_pins -no_invalidate
###############################################################

Clock DAG stats:
================

---------------------------------------------------------
Cell type                 Count    Area       Capacitance
---------------------------------------------------------
Buffers                     0        0.000       0.000
Inverters                  17      329.760       0.458
Integrated Clock Gates      0        0.000       0.000
Discrete Clock Gates        0        0.000       0.000
Clock Logic                 0        0.000       0.000
All                        17      329.760       0.458
---------------------------------------------------------


Clock DAG sink counts:
======================

-------------------------
Sink type           Count
-------------------------
Regular              716
Enable Latch           0
Load Capacitance       0
Antenna Diode          0
Node Sink              0
Total                716
-------------------------


Clock DAG wire lengths:
=======================

--------------------
Type     Wire Length
--------------------
Top          0.000
Trunk      709.200
Leaf      5501.200
Total     6210.400
--------------------


Clock DAG hp wire lengths:
==========================

-----------------------
Type     hp Wire Length
-----------------------
Top            0.000
Trunk        670.400
Leaf        1957.000
Total       2627.400
-----------------------


Clock DAG capacitances:
=======================

--------------------------------
Type     Gate     Wire     Total
--------------------------------
Top      0.000    0.000    0.000
Trunk    0.458    0.104    0.562
Leaf     1.028    0.887    1.915
Total    1.486    0.992    2.478
--------------------------------


Clock DAG sink capacitances:
============================

-----------------------------------------------
Total    Average    Std. Dev.    Min      Max
-----------------------------------------------
1.028     0.001       0.000      0.001    0.004
-----------------------------------------------


Clock DAG net violations:
=========================

None


Clock DAG primary half-corner transition distribution:
======================================================

--------------------------------------------------------------------------------------------------------------------------------------------------------------
Net Type    Target    Count    Average    Std. Dev.    Min      Max      Distribution                                                              Over Target
--------------------------------------------------------------------------------------------------------------------------------------------------------------
Trunk       0.100       6       0.072       0.013      0.046    0.082    {1 <= 0.060ns, 3 <= 0.080ns, 2 <= 0.090ns, 0 <= 0.095ns, 0 <= 0.100ns}         -
Leaf        0.100      12       0.092       0.003      0.085    0.098    {0 <= 0.060ns, 0 <= 0.080ns, 4 <= 0.090ns, 7 <= 0.095ns, 1 <= 0.100ns}         -
--------------------------------------------------------------------------------------------------------------------------------------------------------------


Clock DAG library cell distribution:
====================================

----------------------------------------------
Name           Type        Inst     Inst Area 
                           Count    (um^2)
----------------------------------------------
CLKINVX20TR    inverter     15       302.400
CLKINVX16TR    inverter      1        17.280
CLKINVX8TR     inverter      1        10.080
----------------------------------------------



Please note that the following tables reflect only the defined clock trees, so the flop counts might not include all flops in your design.

Clock Tree Summary:
===================

---------------------------------------------------------------------------------------------------------------------
Clock Tree  Clock  Bufs  Invs  Other  Max       Max     Max     Max          Standard   Wire   Gate   Clock Tree Root
Name        Gates              Clock  Non-leaf  Leaf    Length  Source-sink  cell area  cap    cap    
                               Cells  Fanout    Fanout  (um)    Resistance   (um^2)     (pF)   (pF)   
                                                                (Ohms)                                
---------------------------------------------------------------------------------------------------------------------
clk           0     0     17     0       4        66     329      1013.35     329.760   0.992  1.486  clk
---------------------------------------------------------------------------------------------------------------------

Clock Sink Summary:
===================

-------------------------------------------------------------------------------------------------------------------------------------------
Clock Tree  Explicit      Implicit      Explicit     Implicit     Explicit   Implicit   Posedge  Negedge  Memory  Enable  Non enable  Other
Name        exclude pins  exclude pins  ignore pins  ignore pins  stop pins  stop pins  Flops    Flops    Clock   Latch   Latch       Sinks
                                                                                                          Pins    Sinks   Sinks       
-------------------------------------------------------------------------------------------------------------------------------------------
clk              0             0             0            0           0          0        716       0       0       0         0         0
-------------------------------------------------------------------------------------------------------------------------------------------

Summary across all clock trees:
===============================

------------------------------------------------------------------------------------------------------------
Clock  Bufs  Invs  Other  Max       Average   Max     Average  Max      Max          Standard   Wire   Gate
Gates              Clock  Non-leaf  Non-leaf  Leaf    Leaf     Length   Source-sink  cell area  cap    cap
                   Cells  Fanout    Fanout    Fanout  Fanout   (um)     Resistance   (um^2)     (pF)   (pF)
                                                                        (Ohms)                         
------------------------------------------------------------------------------------------------------------
  0     0     17     0       4      2.83333     66    59.6667  329.000    101.335     329.760   0.992  1.486
------------------------------------------------------------------------------------------------------------

Clock Sink Summary across all clock trees:
==========================================

-------------------------------------------------------------------------------------------------------------------------------
Explicit      Implicit      Explicit     Implicit     Explicit   Implicit   Posedge  Negedge  Memory  Enable  Non enable  Other
exclude pins  exclude pins  ignore pins  ignore pins  stop pins  stop pins  Flops    Flops    Clock   Latch   Latch       Sinks
                                                                                              Pins    Sinks   Sinks       
-------------------------------------------------------------------------------------------------------------------------------
     0             0             0            0           0          0        716       0       0       0         0         0
-------------------------------------------------------------------------------------------------------------------------------

Physical metrics across all clock trees:
========================================

-----------------------------------------------------------------------
Metric                               Minimum  Average  Maximum  Std.dev
-----------------------------------------------------------------------
Source-sink routed net length (um)    8.400   113.067  329.000  67.883
Source-sink manhattan distance (um)   9.200   108.622  330.000  67.392
Source-sink resistance (Ohm)         13.564    76.633  101.335  24.313
-----------------------------------------------------------------------

Net length histogram across all clock trees:

-------------------------------
From (um)    To (um)      Count
-------------------------------
  0.000      and above     18
-------------------------------

Source-sink distance histogram across all clock trees:

-------------------------------
From (um)    To (um)      Count
-------------------------------
  0.000      and above     18
-------------------------------

Source-sink resistance histogram across all clock trees:

-------------------------------
From (Ohm)    To (Ohm)    Count
-------------------------------
   0.000       10.000      16
  10.000       20.000       2
-------------------------------

Transition distribution for half-corner worstDelay:setup.late:
==============================================================

--------------------------------------------------------------------------------------------------------------------------------------------------------------
Net Type    Target    Count    Average    Std. Dev.    Min      Max      Distribution                                                              Over Target
--------------------------------------------------------------------------------------------------------------------------------------------------------------
Trunk       0.100       6       0.072       0.013      0.046    0.082    {1 <= 0.060ns, 3 <= 0.080ns, 2 <= 0.090ns, 0 <= 0.095ns, 0 <= 0.100ns}         -
Leaf        0.100      12       0.092       0.003      0.085    0.098    {0 <= 0.060ns, 0 <= 0.080ns, 4 <= 0.090ns, 7 <= 0.095ns, 1 <= 0.100ns}         -
--------------------------------------------------------------------------------------------------------------------------------------------------------------

Count of violations across all clock trees:
===========================================

---------------------------------------------------------------------------------------
Clock Tree  # Max capacitance  # Max resistance  # Max length  # Max fanout  # Slew
Name        violations         violations        violations    violations    violations
---------------------------------------------------------------------------------------
clk                 0                 0               0             0            0
---------------------------------------------------------------------------------------
Total               0                 0               0             0            0
---------------------------------------------------------------------------------------

Note the above table per clock tree is based on CCOpt clock tree view. The violations are counted across half corners.

Found a total of 0 clock tree pins with max capacitance violations.
Found a total of 0 clock tree nets with max resistance violations.
Found a total of 0 clock tree nets with max length violations.
Found a total of 0 clock tree nets with max fanout violations.
Found a total of 0 clock tree pins with a slew violation.

Fanout histogram across all clock trees:

----------------------
Fanout  Non-leaf  Leaf
        nets      nets
----------------------
   1       2       0
   3       1       0
   4       3       0
  48       0       1
  57       0       1
  59       0       2
  60       0       4
  61       0       1
  62       0       1
  64       0       1
  66       0       1
----------------------

Report for clock tree: clk:
===========================

Clock Tree Gating Structure (Logical):

# Full cycle clock gates   : 0
Minimum clock gating depth : 0
Maximum clock gating depth : 0
Clock gate area (um^2)     : 0.000

Clock Tree Buffering Structure (Logical):

# Buffers             :   0
# Inverters           :  17
  Total               :  17
Minimum depth         :   4
Maximum depth         :   4
Buffering area (um^2) : 329.760

Clock Tree Level Structure (Logical):

-----------------------------------------------------------------
Level  Full   Posedge  Negedge  Memory  Enable  Non enable  Other
       Cycle  Flops    Flops    Clock   Latch   Latch       Sinks
                                Pins    Sinks   Sinks       
-----------------------------------------------------------------
root     0      716       0       0       0         0         0
-----------------------------------------------------------------
Total    0      716       0       0       0         0         0
-----------------------------------------------------------------

Target and measured clock slews (in ns):

---------------------------------------------------------------------------------------------------------------------------------
Timing Corner           Worst Rising  Worst Falling  Worst Rising  Worst Falling  Leaf Slew    Leaf Slew  Trunk Slew   Trunk Slew
                        Leaf Slew     Leaf Slew      Trunk Slew    Trunk Slew     Target Type  Target     Target Type  Target
---------------------------------------------------------------------------------------------------------------------------------
bestDelay:hold.early       0.098          0.084         0.082          0.071      ignored          -      ignored          -
bestDelay:hold.late        0.098          0.084         0.082          0.071      ignored          -      ignored          -
worstDelay:setup.early     0.098          0.084         0.082          0.071      ignored          -      ignored          -
worstDelay:setup.late      0.098          0.084         0.082          0.071      explicit      0.100     explicit      0.100
---------------------------------------------------------------------------------------------------------------------------------

Fanout histogram for clock_tree clk:

----------------------
Fanout  Non-leaf  Leaf
        nets      nets
----------------------
   1       2       0
   3       1       0
   4       3       0
  48       0       1
  57       0       1
  59       0       2
  60       0       4
  61       0       1
  62       0       1
  64       0       1
  66       0       1
----------------------

* - indicates that target was not met.

auto extracted - target was extracted from SDC.
auto computed - target was computed when balancing trees.

