###############################################################
#  Generated by:      Cadence Innovus 21.14-s109_1
#  OS:                Linux x86_64(Host ID eecs2420p06.engin.umich.edu)
#  Generated on:      Fri Mar 24 00:08:23 2023
#  Design:            PE_top
#  Command:           reportFanoutViolation -all -outfile /afs/umich.edu/class/eecs627/w23/groups/group4/CNN_LSTM/CNN/apr/PE_top/reports/report_fanout_viol.rpt
###############################################################
# Net / InstPin                         MaxFanLoad  FanLoad         FanLoadSlk       CellPort             Remark    
#
buff_mult_arr0/CTS_8
    buff_mult_arr0/CTS_ccl_a_inv_00005/Y    16.000      66.000          -50.000          CLKINVX20TR/Y                C 
buff_mult_arr0/CTS_1
    buff_mult_arr0/CTS_ccl_a_inv_00007/Y    16.000      64.000          -48.000          CLKINVX20TR/Y                C 
buff_mult_arr0/CTS_4
    buff_mult_arr0/CTS_ccl_a_inv_00008/Y    16.000      62.000          -46.000          CLKINVX20TR/Y                C 
CTS_5
    CTS_ccl_a_inv_00002/Y                   16.000      61.000          -45.000          CLKINVX20TR/Y                C 
buff_mult_arr0/CTS_9
    buff_mult_arr0/CTS_ccl_a_inv_00006/Y    16.000      60.000          -44.000          CLKINVX20TR/Y                C 
buff_mult_arr0/CTS_3
    buff_mult_arr0/CTS_ccl_a_inv_00010/Y    16.000      60.000          -44.000          CLKINVX20TR/Y                C 
buff_mult_arr0/CTS_5
    buff_mult_arr0/CTS_ccl_a_inv_00009/Y    16.000      60.000          -44.000          CLKINVX20TR/Y                C 
buff_mult_arr0/genblk1_0__buffer_mult0/buffer0/CTS_1
    buff_mult_arr0/genblk1_0__buffer_mult0/buffer0/CTS_ccl_a_inv_00012/Y 16.000      60.000          -44.000          CLKINVX20TR/Y                C 
buff_mult_arr0/CTS_2
    buff_mult_arr0/CTS_ccl_a_inv_00004/Y    16.000      59.000          -43.000          CLKINVX20TR/Y                C 
buff_mult_arr0/CTS_6
    buff_mult_arr0/CTS_ccl_a_inv_00011/Y    16.000      59.000          -43.000          CLKINVX20TR/Y                C 
CTS_1
    CTS_ccl_a_inv_00003/Y                   16.000      57.000          -41.000          CLKINVX20TR/Y                C 
CTS_4
    CTS_ccl_a_inv_00001/Y                   16.000      48.000          -32.000          CLKINVX16TR/Y                C 

*info: there are 12 max fanout load violations in the design.
*info: 0 violation is real (remark R).
*info: 12 violations may not be fixable:
*info:     12 violations on clock net (remark C).
