###############################################################
#  Generated by:      Cadence Innovus 21.14-s109_1
#  OS:                Linux x86_64(Host ID caen-vnc-mi07.engin.umich.edu)
#  Generated on:      Sun Mar 26 23:37:43 2023
#  Design:            CNN_controller
###############################################################

SHORT: Regular Via of Net n389 & Regular Wire of Net n392  ( M2 )
Bounds : ( 141.500, 105.900 ) ( 141.700, 106.100 )


SHORT: Regular Via of Net mem_addr1[0] & Regular Wire of Net n677  ( M2 )
Bounds : ( 88.300, 101.700 ) ( 88.500, 101.900 )


SHORT: Regular Via of Net n1036 & Regular Wire of Net n1228  ( M2 )
Bounds : ( 99.900, 76.700 ) ( 100.100, 76.900 )


SPACING: Regular Via of Net n419 & Regular Via of Net n418  ( V1 )
Bounds : ( 168.100, 95.700 ) ( 168.300, 95.700 )
Actual:     0.2     Min:     0.28


SPACING: Regular Via of Net n459 & Regular Via of Net n338  ( V1 )
Bounds : ( 133.300, 84.700 ) ( 133.500, 84.900 )
Actual:     0.2     Min:     0.28



Begin Summary ...
  Cells       : 0
  SameNet     : 0
  Wiring      : 2
  Antenna     : 0
  Short       : 3
  Overlap     : 0
End Summary

  Total Violations : 5 Viols.
