###############################################################
#  Generated by:      Cadence Innovus 21.10-p004_1
#  OS:                Linux x86_64(Host ID caen-vnc-mi07.engin.umich.edu)
#  Generated on:      Sat Mar 19 03:07:56 2022
#  Design:            mult_chip
#  Command:           verifyConnectivity -type all -report /afs/umich.edu/class/eecs627/w23/template_prj/mult_chip/apr/reports/connectivity.rpt
###############################################################
Verify Connectivity Report is created on Sat Mar 19 03:07:56 2022




Multi-CPU acceleration using 6 CPU


Use pthread

Net VSS, Pin Pin: u_core/u_SIGN_MEM/VSS; Direction: INOUT; Use: GROUND;: has an unconnected terminal at (1005.120, 755.120) (1009.120, 1270.060)
Net VSS, Pin Pin: u_core/u_SIGN_MEM/VSS; Direction: INOUT; Use: GROUND;: has an unconnected terminal at (1397.880, 755.120) (1401.880, 1270.060)
Net VSS: has special routes with opens at (246.500, 246.500) (1753.500, 1753.500)
Net VSS: dangling Wire at (308.000, 262.880) (308.000, 262.880) on layer: M5
Net VSS: dangling Wire at (272.500, 262.880) (272.500, 262.880) on layer: M5
Net VSS: dangling Wire at (262.880, 1138.000) (262.880, 1138.000) on layer: M6
Net VSS: dangling Wire at (262.880, 1088.000) (262.880, 1088.000) on layer: M6
Net VSS: dangling Wire at (1737.120, 288.000) (1737.120, 288.000) on layer: M6
Net VSS: dangling Wire at (1578.000, 1736.320) (1578.000, 1736.320) on layer: MQ
Net VSS: dangling Wire at (308.000, 262.880) (308.000, 262.880) on layer: MQ
Net VSS: dangling Wire at (272.500, 262.880) (272.500, 262.880) on layer: MQ
Net VDD, Pin Pin: u_core/u_SIGN_MEM/VDD; Direction: INOUT; Use: POWER;: has an unconnected terminal at (1000.000, 750.000) (1004.000, 1275.180)
Net VDD, Pin Pin: u_core/u_SIGN_MEM/VDD; Direction: INOUT; Use: POWER;: has an unconnected terminal at (1403.000, 750.000) (1407.000, 1275.180)
Net VDD: has special routes with opens at (245.620, 246.500) (1754.380, 1754.380)

Begin Summary
    4 Problem(s) (IMPVFC-96): Terminal(s) are not connected.
    2 Problem(s) (IMPVFC-200): Special Wires: Pieces of the net are not connected together.
    8 Problem(s) (IMPVFC-94): The net has dangling wire(s).
    14 total info(s) created.
End Summary
