###############################################################
#  Generated by:      Cadence Innovus 21.10-p004_1
#  OS:                Linux x86_64(Host ID caen-vnc-mi07.engin.umich.edu)
#  Generated on:      Sat Mar 19 03:07:40 2022
#  Design:            mult_chip
#  Command:           report_timing > ${REPORT_PATH}/final_hold_timing.rpt
###############################################################
Path 1: MET Hold Check with Pin u_core/u_SIGN_MEM/CLK 
Endpoint:   u_core/u_SIGN_MEM/D[14]           (^) checked with  leading edge of 
'i_clk'
Beginpoint: u_core/u_mult_block/signature[14] (^) triggered by  leading edge of 
'i_clk'
Path Groups: {i_clk}
Analysis View: holdAnalysis
Other End Arrival Time         -0.008
+ Hold                          0.000
+ Phase Shift                   0.000
- CPPR Adjustment               0.001
+ Uncertainty                   0.200
= Required Time                 0.191
  Arrival Time                  1.193
  Slack Time                    1.002
     Clock Rise Edge                 0.000
     + Clock Network Latency (Prop)  -0.025
     = Beginpoint Arrival Time       -0.025
     +------------------------------------------------------------------------------------------------------------------+ 
     |                  Instance                   |           Arc            |    Cell    | Delay | Arrival | Required | 
     |                                             |                          |            |       |  Time   |   Time   | 
     |---------------------------------------------+--------------------------+------------+-------+---------+----------| 
     | u_core/u_mult_block                         | clk ^                    |            |       |  -0.025 |   -1.027 | 
     | u_core/u_mult_block                         | clk ^ -> signature[14] ^ | mult_block | 0.515 |   0.490 |   -0.511 | 
     | u_core/POSTROUTEFE_PHC148_mult_sign_14      | A ^ -> Y ^               | DLY1X1TR   | 0.246 |   0.736 |   -0.266 | 
     | u_core/PLACEDFE_OFC54_FE_OFN25_mult_sign_14 | A ^ -> Y ^               | CLKBUFX2TR | 0.214 |   0.950 |   -0.052 | 
     | u_core/U47                                  | B1 ^ -> Y ^              | AO22X2TR   | 0.240 |   1.190 |    0.188 | 
     | u_core/u_SIGN_MEM                           | D[14] ^                  | SIGN_MEM   | 0.003 |   1.193 |    0.191 | 
     +------------------------------------------------------------------------------------------------------------------+ 

