###############################################################
#  Generated by:      Cadence Innovus 21.14-s109_1
#  OS:                Linux x86_64(Host ID caen-vnc-mi02.engin.umich.edu)
#  Generated on:      Mon Mar 27 21:10:56 2023
#  Design:            writeback_controller
#  Command:           report_ccopt_clock_trees -file /afs/umich.edu/class/eecs627/w23/students/yihengfu/HW2/apr/reports/post_ccopt.rpt -histograms -list_special_pins -no_invalidate
###############################################################

Clock DAG stats:
================

--------------------------------------------------------
Cell type                 Count    Area      Capacitance
--------------------------------------------------------
Buffers                     0       0.000       0.000
Inverters                   6      82.080       0.108
Integrated Clock Gates      0       0.000       0.000
Discrete Clock Gates        0       0.000       0.000
Clock Logic                 0       0.000       0.000
All                         6      82.080       0.108
--------------------------------------------------------


Clock DAG sink counts:
======================

-------------------------
Sink type           Count
-------------------------
Regular              98
Enable Latch          0
Load Capacitance      0
Antenna Diode         0
Node Sink             0
Total                98
-------------------------


Clock DAG wire lengths:
=======================

--------------------
Type     Wire Length
--------------------
Top          0.000
Trunk      351.200
Leaf      1116.800
Total     1468.000
--------------------


Clock DAG hp wire lengths:
==========================

-----------------------
Type     hp Wire Length
-----------------------
Top           0.000
Trunk       289.200
Leaf        525.400
Total       814.600
-----------------------


Clock DAG capacitances:
=======================

--------------------------------
Type     Gate     Wire     Total
--------------------------------
Top      0.000    0.000    0.000
Trunk    0.108    0.047    0.155
Leaf     0.154    0.164    0.318
Total    0.261    0.211    0.473
--------------------------------


Clock DAG sink capacitances:
============================

-----------------------------------------------
Total    Average    Std. Dev.    Min      Max
-----------------------------------------------
0.154     0.002       0.000      0.001    0.002
-----------------------------------------------


Clock DAG net violations:
=========================

None


Clock DAG primary half-corner transition distribution:
======================================================

--------------------------------------------------------------------------------------------------------------------------------------------------------------
Net Type    Target    Count    Average    Std. Dev.    Min      Max      Distribution                                                              Over Target
--------------------------------------------------------------------------------------------------------------------------------------------------------------
Trunk       0.100       4       0.059       0.020      0.043    0.085    {2 <= 0.060ns, 1 <= 0.080ns, 1 <= 0.090ns, 0 <= 0.095ns, 0 <= 0.100ns}         -
Leaf        0.100       3       0.076       0.016      0.058    0.087    {1 <= 0.060ns, 0 <= 0.080ns, 2 <= 0.090ns, 0 <= 0.095ns, 0 <= 0.100ns}         -
--------------------------------------------------------------------------------------------------------------------------------------------------------------


Clock DAG library cell distribution:
====================================

----------------------------------------------
Name           Type        Inst     Inst Area 
                           Count    (um^2)
----------------------------------------------
CLKINVX20TR    inverter      3        60.480
CLKINVX8TR     inverter      1        10.080
CLKINVX4TR     inverter      2        11.520
----------------------------------------------



Please note that the following tables reflect only the defined clock trees, so the flop counts might not include all flops in your design.

Clock Tree Summary:
===================

---------------------------------------------------------------------------------------------------------------------
Clock Tree  Clock  Bufs  Invs  Other  Max       Max     Max     Max          Standard   Wire   Gate   Clock Tree Root
Name        Gates              Clock  Non-leaf  Leaf    Length  Source-sink  cell area  cap    cap    
                               Cells  Fanout    Fanout  (um)    Resistance   (um^2)     (pF)   (pF)   
                                                                (Ohms)                                
---------------------------------------------------------------------------------------------------------------------
clk           0     0     6      0       3        49    238.8     804.495     82.080    0.211  0.261  clk
---------------------------------------------------------------------------------------------------------------------

Clock Sink Summary:
===================

-------------------------------------------------------------------------------------------------------------------------------------------
Clock Tree  Explicit      Implicit      Explicit     Implicit     Explicit   Implicit   Posedge  Negedge  Memory  Enable  Non enable  Other
Name        exclude pins  exclude pins  ignore pins  ignore pins  stop pins  stop pins  Flops    Flops    Clock   Latch   Latch       Sinks
                                                                                                          Pins    Sinks   Sinks       
-------------------------------------------------------------------------------------------------------------------------------------------
clk              0             0             4            0           0          0        94        0       0       0         0         4
-------------------------------------------------------------------------------------------------------------------------------------------

Summary across all clock trees:
===============================

------------------------------------------------------------------------------------------------------------
Clock  Bufs  Invs  Other  Max       Average   Max     Average  Max      Max          Standard   Wire   Gate
Gates              Clock  Non-leaf  Non-leaf  Leaf    Leaf     Length   Source-sink  cell area  cap    cap
                   Cells  Fanout    Fanout    Fanout  Fanout   (um)     Resistance   (um^2)     (pF)   (pF)
                                                                        (Ohms)                         
------------------------------------------------------------------------------------------------------------
  0     0     6      0       3        1.5       49    32.6667  238.800    80.450      82.080    0.211  0.261
------------------------------------------------------------------------------------------------------------

Clock Sink Summary across all clock trees:
==========================================

-------------------------------------------------------------------------------------------------------------------------------
Explicit      Implicit      Explicit     Implicit     Explicit   Implicit   Posedge  Negedge  Memory  Enable  Non enable  Other
exclude pins  exclude pins  ignore pins  ignore pins  stop pins  stop pins  Flops    Flops    Clock   Latch   Latch       Sinks
                                                                                              Pins    Sinks   Sinks       
-------------------------------------------------------------------------------------------------------------------------------
     0             0             4            0           0          0        94        0       0       0         0         4
-------------------------------------------------------------------------------------------------------------------------------

Physical metrics across all clock trees:
========================================

-----------------------------------------------------------------------
Metric                               Minimum  Average  Maximum  Std.dev
-----------------------------------------------------------------------
Source-sink routed net length (um)    2.600   103.143  238.800  81.126
Source-sink manhattan distance (um)   2.400   102.171  240.800  80.809
Source-sink resistance (Ohm)         24.372    54.638   80.450  22.006
-----------------------------------------------------------------------

Net length histogram across all clock trees:

-----------------------------
From (um)    To (um)    Count
-----------------------------
  0.000      10.000       7
-----------------------------

Source-sink distance histogram across all clock trees:

-----------------------------
From (um)    To (um)    Count
-----------------------------
  0.000      10.000       7
-----------------------------

Source-sink resistance histogram across all clock trees:

-------------------------------
From (Ohm)    To (Ohm)    Count
-------------------------------
  0.000        10.000       7
-------------------------------

Transition distribution for half-corner worstDelay:setup.late:
==============================================================

--------------------------------------------------------------------------------------------------------------------------------------------------------------
Net Type    Target    Count    Average    Std. Dev.    Min      Max      Distribution                                                              Over Target
--------------------------------------------------------------------------------------------------------------------------------------------------------------
Trunk       0.100       4       0.059       0.020      0.043    0.085    {2 <= 0.060ns, 1 <= 0.080ns, 1 <= 0.090ns, 0 <= 0.095ns, 0 <= 0.100ns}         -
Leaf        0.100       3       0.076       0.016      0.058    0.087    {1 <= 0.060ns, 0 <= 0.080ns, 2 <= 0.090ns, 0 <= 0.095ns, 0 <= 0.100ns}         -
--------------------------------------------------------------------------------------------------------------------------------------------------------------

Count of violations across all clock trees:
===========================================

---------------------------------------------------------------------------------------
Clock Tree  # Max capacitance  # Max resistance  # Max length  # Max fanout  # Slew
Name        violations         violations        violations    violations    violations
---------------------------------------------------------------------------------------
clk                 0                 0               0             0            0
---------------------------------------------------------------------------------------
Total               0                 0               0             0            0
---------------------------------------------------------------------------------------

Note the above table per clock tree is based on CCOpt clock tree view. The violations are counted across half corners.

Found a total of 0 clock tree pins with max capacitance violations.
Found a total of 0 clock tree nets with max resistance violations.
Found a total of 0 clock tree nets with max length violations.
Found a total of 0 clock tree nets with max fanout violations.
Found a total of 0 clock tree pins with a slew violation.

Fanout histogram across all clock trees:

----------------------
Fanout  Non-leaf  Leaf
        nets      nets
----------------------
   1       3       0
   3       1       0
   4       0       1
  45       0       1
  49       0       1
----------------------

Report for clock tree: clk:
===========================

Clock Tree Gating Structure (Logical):

# Full cycle clock gates   : 0
Minimum clock gating depth : 0
Maximum clock gating depth : 0
Clock gate area (um^2)     : 0.000

Clock Tree Buffering Structure (Logical):

# Buffers             :  0
# Inverters           :  6
  Total               :  6
Minimum depth         :  4
Maximum depth         :  4
Buffering area (um^2) : 82.080

Clock Tree Level Structure (Logical):

-----------------------------------------------------------------
Level  Full   Posedge  Negedge  Memory  Enable  Non enable  Other
       Cycle  Flops    Flops    Clock   Latch   Latch       Sinks
                                Pins    Sinks   Sinks       
-----------------------------------------------------------------
root     0      94        0       0       0         0         4
-----------------------------------------------------------------
Total    0      94        0       0       0         0         4
-----------------------------------------------------------------

Clock tree special pins:

------------------------------
Pin            Type
------------------------------
delay_d2_U3/A  explicit ignore
delay_d2_U5/A  explicit ignore
delay_d3_U3/A  explicit ignore
delay_d3_U5/A  explicit ignore
------------------------------

Target and measured clock slews (in ns):

---------------------------------------------------------------------------------------------------------------------------------
Timing Corner           Worst Rising  Worst Falling  Worst Rising  Worst Falling  Leaf Slew    Leaf Slew  Trunk Slew   Trunk Slew
                        Leaf Slew     Leaf Slew      Trunk Slew    Trunk Slew     Target Type  Target     Target Type  Target
---------------------------------------------------------------------------------------------------------------------------------
bestDelay:hold.early       0.087          0.073         0.085          0.052      ignored          -      ignored          -
bestDelay:hold.late        0.087          0.073         0.085          0.052      ignored          -      ignored          -
worstDelay:setup.early     0.087          0.073         0.085          0.052      ignored          -      ignored          -
worstDelay:setup.late      0.087          0.073         0.085          0.052      explicit      0.100     explicit      0.100
---------------------------------------------------------------------------------------------------------------------------------

Fanout histogram for clock_tree clk:

----------------------
Fanout  Non-leaf  Leaf
        nets      nets
----------------------
   1       3       0
   3       1       0
   4       0       1
  45       0       1
  49       0       1
----------------------

* - indicates that target was not met.

auto extracted - target was extracted from SDC.
auto computed - target was computed when balancing trees.

